<?xml version="1.0" encoding="UTF-8"?>
<!-- Generated by org.testng.reporters.JUnitReportReporter -->
<testsuite skipped="0" hostname="DESKTOP-K0PNLO1" name="com.qa.testcases.OpenAccountTest" tests="1" failures="0" timestamp="2021-04-20T09:46:12 IST" time="8.079" errors="0">
  <testcase name="openAccountTest" time="8.079" classname="com.qa.testcases.OpenAccountTest"/>
  <system-out/>
</testsuite> <!-- com.qa.testcases.OpenAccountTest -->
