<?xml version="1.0" encoding="UTF-8"?>
<!-- Generated by org.testng.reporters.JUnitReportReporter -->
<testsuite skipped="0" hostname="DESKTOP-K0PNLO1" name="com.qa.testcases.withdrawlAmount" tests="1" failures="0" timestamp="2021-04-19T21:14:33 IST" time="10.393" errors="0">
  <testcase name="withdrawlAmt" time="10.393" classname="com.qa.testcases.withdrawlAmount"/>
  <system-out/>
</testsuite> <!-- com.qa.testcases.withdrawlAmount -->
