<?xml version="1.0" encoding="UTF-8"?>
<!-- Generated by org.testng.reporters.JUnitReportReporter -->
<testsuite skipped="0" hostname="DESKTOP-K0PNLO1" name="com.qa.testcases.AddCustomerTest" tests="1" failures="0" timestamp="2021-04-15T11:53:21 IST" time="5.077" errors="0">
  <testcase name="addCustomerTest" time="5.077" classname="com.qa.testcases.AddCustomerTest"/>
  <system-out/>
</testsuite> <!-- com.qa.testcases.AddCustomerTest -->
