<?xml version="1.0" encoding="UTF-8"?>
<!-- Generated by org.testng.reporters.JUnitReportReporter -->
<testsuite skipped="0" hostname="DESKTOP-K0PNLO1" name="com.qa.testcases.AddCustomerTest" tests="1" failures="0" timestamp="2021-04-20T09:46:12 IST" time="6.777" errors="0">
  <testcase name="addCustomerTest" time="6.777" classname="com.qa.testcases.AddCustomerTest"/>
  <system-out/>
</testsuite> <!-- com.qa.testcases.AddCustomerTest -->
