<?xml version="1.0" encoding="UTF-8"?>
<!-- Generated by org.testng.reporters.JUnitReportReporter -->
<testsuite skipped="0" hostname="DESKTOP-K0PNLO1" name="com.qa.testcases.BankManagerLoginTest" tests="1" failures="0" timestamp="2021-04-13T14:02:10 IST" time="5.155" errors="0">
  <testcase name="bankManagerLoginTest" time="5.155" classname="com.qa.testcases.BankManagerLoginTest"/>
  <system-out/>
</testsuite> <!-- com.qa.testcases.BankManagerLoginTest -->
