<?xml version="1.0" encoding="UTF-8"?>
<!-- Generated by org.testng.reporters.JUnitReportReporter -->
<testsuite skipped="0" hostname="DESKTOP-K0PNLO1" name="com.qa.testcases.OpenAccountTest" tests="1" failures="0" timestamp="2021-04-15T11:53:21 IST" time="7.956" errors="0">
  <testcase name="openAccountTest" time="7.956" classname="com.qa.testcases.OpenAccountTest"/>
  <system-out/>
</testsuite> <!-- com.qa.testcases.OpenAccountTest -->
