<?xml version="1.0" encoding="UTF-8"?>
<!-- Generated by org.testng.reporters.JUnitReportReporter -->
<testsuite skipped="0" hostname="DESKTOP-K0PNLO1" name="com.qa.testcases.LogOutCustomer" tests="1" failures="0" timestamp="2021-04-19T21:14:33 IST" time="0.168" errors="0">
  <testcase name="logoutApp" time="0.168" classname="com.qa.testcases.LogOutCustomer"/>
  <system-out/>
</testsuite> <!-- com.qa.testcases.LogOutCustomer -->
